<?xml version="1.0" encoding="UTF-8"?>
<!-- Generated by org.testng.reporters.JUnitXMLReporter -->
<testsuite ignored="0" hostname="QT-INBG-LT1065" failures="0" tests="8" name="Default test" time="51.115" errors="0" timestamp="2022-09-19T17:24:13 IST">
  <testcase classname="mobile_world.homepage" name="homepage01" time="5.604"/>
  <testcase classname="mobile_world.homepage" name="homepage02" time="7.906"/>
  <testcase classname="mobile_world.homepage" name="homepage03" time="6.036"/>
  <testcase classname="mobile_world.homepage" name="homepage04" time="6.036"/>
  <testcase classname="mobile_world.homepage" name="homepage05" time="8.047"/>
  <testcase classname="mobile_world.homepage" name="homepage06" time="6.022"/>
  <testcase classname="mobile_world.homepage" name="homepage07" time="8.076"/>
  <testcase classname="mobile_world.homepage" name="homepage08" time="3.34"/>
</testsuite> <!-- Default test -->
