<?xml version="1.0" encoding="UTF-8"?>
<testng-results ignored="0" total="1" passed="1" failed="0" skipped="0">
  <reporter-output>
  </reporter-output>
  <suite started-at="2022-09-19T11:30:44 IST" name="Default suite" finished-at="2022-09-19T11:30:48 IST" duration-ms="4062">
    <groups>
    </groups>
    <test started-at="2022-09-19T11:30:44 IST" name="Default test" finished-at="2022-09-19T11:30:48 IST" duration-ms="4062">
      <class name="mobile_world.Home_page">
        <test-method signature="register()[pri:0, instance:mobile_world.Home_page@73700b80]" started-at="2022-09-19T11:30:44 IST" name="register" finished-at="2022-09-19T11:30:48 IST" duration-ms="4024" status="PASS">
          <reporter-output>
          </reporter-output>
        </test-method> <!-- register -->
      </class> <!-- mobile_world.Home_page -->
    </test> <!-- Default test -->
  </suite> <!-- Default suite -->
</testng-results>
